[2026-03-29 12:00:01] generate-series 開始

> ai-novels@0.1.0 generate:series
> tsx scripts/generate-series.ts


════════════════════════════════════════════════════════════
📖 AI Novels 連載生成 — 2026/3/29 12:00:02
════════════════════════════════════════════════════════════

🎨 ComfyUI: ⚠️ 停止中（挿絵スキップ）

📊 挿絵なし章レポート:
  📖 星間漂流: 9/14章
  📖 魔法学園クロニクル: 6/10章
  📖 日常茶飯事: 6/10章
  📖 意識のゴースト: 1/1章
  📖 探偵カフェ・シャドウ: 4/4章
  📖 404号室の住人: 2/2章
  📖 夏の終わりのメロディー: 2/2章
  📖 江戸影絵師: 2/2章
  📖 残業戦士たちの逆襲: 2/2章
  📖 竜の里の薬師: 2/2章
  📖 ネオン街のハッカー: 2/2章
  📖 放課後のコード進行: 2/2章
  📖 タイムシェフの賄い飯: 2/2章
  📖 妖怪派遣社員: 3/3章
  📖 銀河外交官の晩餐: 2/2章
  合計: 47章に挿絵なし

📚 対象作品: 5件（MAX_NOVELS_PER_RUN=5）

── 魔法学園クロニクル ──
  📝 第11話 生成中...
  ✅ "試験当日の魔法" (3768文字)

── 日常茶飯事 ──
  📝 第11話 生成中...
  ✅ "桜の落とし物" (2937文字)

── 意識のゴースト ──
  📝 第2話 生成中...
  ✅ "亡者のコード" (3115文字)

── 探偵カフェ・シャドウ ──
  📝 第5話 生成中...
  ✅ "鏡の中の赤い傘" (3255文字)

── 404号室の住人 ──
  📝 第3話 生成中...
  ✅ "消えた四〇四号室" (2559文字)

🎲 新規作品判定: 見送り

════════════════════════════════════════════════════════════
✅ 完了
════════════════════════════════════════════════════════════

📦 自動デプロイ実行中...
[post-generate] Committing new content...
